# JRE version: OpenJDK Runtime Environment OpenLogic-OpenJDK (11.0.11+9) (build 11.0.11+9-adhoc..jdk11u)
# Java VM: OpenJDK 64-Bit Server VM OpenLogic-OpenJDK (11.0.11+9-adhoc..jdk11u, mixed mode, tiered, compressed oops, g1 gc, windows-amd64)
Heap:
 garbage-first heap   total 129024K, used 22590K [0x0000000083200000, 0x0000000100000000)
  region size 1024K, 10 young (10240K), 3 survivors (3072K)
 Metaspace       used 27935K, capacity 29049K, committed 29312K, reserved 1075200K
  class space    used 3412K, capacity 3914K, committed 3968K, reserved 1048576K
GC Heap History (6 events):
Event: 1.249 GC heap before
{Heap before GC invocations=0 (full 0):
 garbage-first heap   total 129024K, used 27648K [0x0000000083200000, 0x0000000100000000)
  region size 1024K, 24 young (24576K), 0 survivors (0K)
 Metaspace       used 10704K, capacity 11009K, committed 11136K, reserved 1058816K
  class space    used 1204K, capacity 1317K, committed 1408K, reserved 1048576K
}
Event: 1.255 GC heap after
{Heap after GC invocations=1 (full 0):
 garbage-first heap   total 129024K, used 10543K [0x0000000083200000, 0x0000000100000000)
  region size 1024K, 3 young (3072K), 3 survivors (3072K)
 Metaspace       used 10704K, capacity 11009K, committed 11136K, reserved 1058816K
  class space    used 1204K, capacity 1317K, committed 1408K, reserved 1048576K
}
Event: 8.035 GC heap before
{Heap before GC invocations=1 (full 0):
 garbage-first heap   total 129024K, used 53551K [0x0000000083200000, 0x0000000100000000)
  region size 1024K, 47 young (48128K), 3 survivors (3072K)
 Metaspace       used 20301K, capacity 21146K, committed 21248K, reserved 1067008K
  class space    used 2422K, capacity 2776K, committed 2816K, reserved 1048576K
}
Event: 8.044 GC heap after
{Heap after GC invocations=2 (full 0):
 garbage-first heap   total 129024K, used 14003K [0x0000000083200000, 0x0000000100000000)
  region size 1024K, 7 young (7168K), 7 survivors (7168K)
 Metaspace       used 20301K, capacity 21146K, committed 21248K, reserved 1067008K
  class space    used 2422K, capacity 2776K, committed 2816K, reserved 1048576K
}
Event: 8.644 GC heap before
{Heap before GC invocations=3 (full 0):
 garbage-first heap   total 129024K, used 46771K [0x0000000083200000, 0x0000000100000000)
  region size 1024K, 39 young (39936K), 7 survivors (7168K)
 Metaspace       used 25392K, capacity 26452K, committed 26624K, reserved 1073152K
  class space    used 3091K, capacity 3561K, committed 3584K, reserved 1048576K
}
Event: 8.649 GC heap after
{Heap after GC invocations=4 (full 0):
 garbage-first heap   total 129024K, used 14979K [0x0000000083200000, 0x0000000100000000)
  region size 1024K, 2 young (2048K), 2 survivors (2048K)
 Metaspace       used 25392K, capacity 26452K, committed 26624K, reserved 1073152K
  class space    used 3091K, capacity 3561K, committed 3584K, reserved 1048576K
}

