<?xml version="1.0" encoding="UTF-8"?>
<!-- Generated by org.testng.reporters.JUnitXMLReporter -->
<testsuite ignored="0" hostname="nsdldepnb658" failures="0" tests="5" name="Default test" time="30.272" errors="0" timestamp="2024-05-07T11:13:44 IST">
  <testcase classname="Testfinalpage.Testpage" name="testpages" time="12.239"/>
  <testcase classname="Testfinalpage.Testpage" name="testevenformfill" time="11.484"/>
  <testcase classname="Testfinalpage.Testpage" name="testuploadshareholderdropdown" time="1.757"/>
  <testcase classname="Testfinalpage.Testpage" name="testclickondownloadresponsefile" time="3.305"/>
  <testcase classname="Testfinalpage.Testpage" name="testclickondownlaodevenwsepinmailerfile" time="1.414"/>
</testsuite> <!-- Default test -->
