<?xml version="1.0" encoding="UTF-8"?>
<!-- Generated by org.testng.reporters.JUnitXMLReporter -->
<testsuite ignored="0" hostname="nsdldepnb658" failures="0" tests="6" name="Default test" time="114.918" errors="0" timestamp="2024-05-23T16:33:13 IST">
  <testcase classname="Testfinalpage.Testpage" name="testpages" time="15.865"/>
  <testcase classname="Testfinalpage.Testpage" name="testevenformfill" time="7.73"/>
  <testcase classname="Testfinalpage.Testpage" name="testrtafilegeneration" time="10.754"/>
  <testcase classname="Testfinalpage.Testpage" name="testuploadshareholderdropdown" time="1.888"/>
  <testcase classname="Testfinalpage.Testpage" name="testclickondownloadresponsefile" time="3.585"/>
  <testcase classname="Testfinalpage.Testpage" name="testclickondownlaodevenwsepinmailerfile" time="75.03"/>
</testsuite> <!-- Default test -->
