<?xml version="1.0" encoding="UTF-8"?>
<testng-results ignored="0" total="6" passed="6" failed="0" skipped="0">
  <reporter-output>
  </reporter-output>
  <suite started-at="2024-05-23T16:31:18 IST" name="Default suite" finished-at="2024-05-23T16:33:13 IST" duration-ms="114918">
    <groups>
    </groups>
    <test started-at="2024-05-23T16:31:18 IST" name="Default test" finished-at="2024-05-23T16:33:13 IST" duration-ms="114918">
      <class name="Testfinalpage.Testpage">
        <test-method signature="testpages()[pri:1, instance:Testfinalpage.Testpage@4beabeec]" started-at="2024-05-23T16:31:18 IST" name="testpages" finished-at="2024-05-23T16:31:34 IST" duration-ms="15865" status="PASS">
          <reporter-output>
          </reporter-output>
        </test-method> <!-- testpages -->
        <test-method signature="testevenformfill()[pri:2, instance:Testfinalpage.Testpage@4beabeec]" started-at="2024-05-23T16:31:34 IST" name="testevenformfill" finished-at="2024-05-23T16:31:41 IST" duration-ms="7730" status="PASS">
          <reporter-output>
          </reporter-output>
        </test-method> <!-- testevenformfill -->
        <test-method signature="testrtafilegeneration()[pri:3, instance:Testfinalpage.Testpage@4beabeec]" started-at="2024-05-23T16:31:41 IST" name="testrtafilegeneration" finished-at="2024-05-23T16:31:52 IST" duration-ms="10754" status="PASS">
          <reporter-output>
          </reporter-output>
        </test-method> <!-- testrtafilegeneration -->
        <test-method signature="testuploadshareholderdropdown()[pri:4, instance:Testfinalpage.Testpage@4beabeec]" started-at="2024-05-23T16:31:52 IST" name="testuploadshareholderdropdown" finished-at="2024-05-23T16:31:54 IST" duration-ms="1888" status="PASS">
          <reporter-output>
          </reporter-output>
        </test-method> <!-- testuploadshareholderdropdown -->
        <test-method signature="testclickondownloadresponsefile()[pri:5, instance:Testfinalpage.Testpage@4beabeec]" started-at="2024-05-23T16:31:54 IST" name="testclickondownloadresponsefile" finished-at="2024-05-23T16:31:58 IST" duration-ms="3585" status="PASS">
          <reporter-output>
          </reporter-output>
        </test-method> <!-- testclickondownloadresponsefile -->
        <test-method signature="testclickondownlaodevenwsepinmailerfile()[pri:6, instance:Testfinalpage.Testpage@4beabeec]" started-at="2024-05-23T16:31:58 IST" name="testclickondownlaodevenwsepinmailerfile" finished-at="2024-05-23T16:33:13 IST" duration-ms="75030" status="PASS">
          <reporter-output>
          </reporter-output>
        </test-method> <!-- testclickondownlaodevenwsepinmailerfile -->
      </class> <!-- Testfinalpage.Testpage -->
    </test> <!-- Default test -->
  </suite> <!-- Default suite -->
</testng-results>
